[Wed, 29 Jul 2015 14:22:24 GMT] ACCESS ::1 - - [Wed Jul 29 2015 09:22:24 GMT-0500 (CDT)] "GET / 1.1" 200 2151 "-" "Mozilla/5.0 (Macintosh; Intel Mac OS X 10_10_4) AppleWebKit/600.7.12 (KHTML, like Gecko) Version/8.0.7 Safari/600.7.12"
[Wed, 29 Jul 2015 14:22:24 GMT] ACCESS ::1 - - [Wed Jul 29 2015 09:22:24 GMT-0500 (CDT)] "GET /css/bootstrap.responsive.min.css 1.1" 200 16520 "http://localhost:4000/" "Mozilla/5.0 (Macintosh; Intel Mac OS X 10_10_4) AppleWebKit/600.7.12 (KHTML, like Gecko) Version/8.0.7 Safari/600.7.12"
[Wed, 29 Jul 2015 14:22:24 GMT] ACCESS ::1 - - [Wed Jul 29 2015 09:22:24 GMT-0500 (CDT)] "GET /js/bootstrap.min.js 1.1" 200 25743 "http://localhost:4000/" "Mozilla/5.0 (Macintosh; Intel Mac OS X 10_10_4) AppleWebKit/600.7.12 (KHTML, like Gecko) Version/8.0.7 Safari/600.7.12"
[Wed, 29 Jul 2015 14:22:24 GMT] ACCESS ::1 - - [Wed Jul 29 2015 09:22:24 GMT-0500 (CDT)] "GET /js/config/init.js 1.1" 200 638 "http://localhost:4000/" "Mozilla/5.0 (Macintosh; Intel Mac OS X 10_10_4) AppleWebKit/600.7.12 (KHTML, like Gecko) Version/8.0.7 Safari/600.7.12"
[Wed, 29 Jul 2015 14:22:24 GMT] ACCESS ::1 - - [Wed Jul 29 2015 09:22:24 GMT-0500 (CDT)] "GET /js/jquery.min.js 1.1" 200 93441 "http://localhost:4000/" "Mozilla/5.0 (Macintosh; Intel Mac OS X 10_10_4) AppleWebKit/600.7.12 (KHTML, like Gecko) Version/8.0.7 Safari/600.7.12"
[Wed, 29 Jul 2015 14:22:24 GMT] ACCESS ::1 - - [Wed Jul 29 2015 09:22:24 GMT-0500 (CDT)] "GET /css/style.css 1.1" 200 914 "http://localhost:4000/" "Mozilla/5.0 (Macintosh; Intel Mac OS X 10_10_4) AppleWebKit/600.7.12 (KHTML, like Gecko) Version/8.0.7 Safari/600.7.12"
[Wed, 29 Jul 2015 14:22:24 GMT] ACCESS ::1 - - [Wed Jul 29 2015 09:22:24 GMT-0500 (CDT)] "GET /css/bootstrap.min.css 1.1" 200 101265 "http://localhost:4000/" "Mozilla/5.0 (Macintosh; Intel Mac OS X 10_10_4) AppleWebKit/600.7.12 (KHTML, like Gecko) Version/8.0.7 Safari/600.7.12"
[Wed, 29 Jul 2015 14:22:24 GMT] ACCESS ::1 - - [Wed Jul 29 2015 09:22:24 GMT-0500 (CDT)] "GET /img/whitey.png 1.1" 200 130880 "http://localhost:4000/" "Mozilla/5.0 (Macintosh; Intel Mac OS X 10_10_4) AppleWebKit/600.7.12 (KHTML, like Gecko) Version/8.0.7 Safari/600.7.12"
[Wed, 29 Jul 2015 14:22:25 GMT] ACCESS ::1 - - [Wed Jul 29 2015 09:22:25 GMT-0500 (CDT)] "GET /img/glyphicons-halflings-white.png 1.1" 200 13483 "http://localhost:4000/" "Mozilla/5.0 (Macintosh; Intel Mac OS X 10_10_4) AppleWebKit/600.7.12 (KHTML, like Gecko) Version/8.0.7 Safari/600.7.12"
[Wed, 29 Jul 2015 14:22:28 GMT] ACCESS ::1 - - [Wed Jul 29 2015 09:22:28 GMT-0500 (CDT)] "GET / 1.1" 200 2151 "-" "Mozilla/5.0 (Macintosh; Intel Mac OS X 10_10_4) AppleWebKit/600.7.12 (KHTML, like Gecko) Version/8.0.7 Safari/600.7.12"
[Wed, 29 Jul 2015 14:22:28 GMT] ACCESS ::1 - - [Wed Jul 29 2015 09:22:28 GMT-0500 (CDT)] "GET /js/jquery.min.js 1.1" 200 93441 "http://localhost:4000/" "Mozilla/5.0 (Macintosh; Intel Mac OS X 10_10_4) AppleWebKit/600.7.12 (KHTML, like Gecko) Version/8.0.7 Safari/600.7.12"
[Wed, 29 Jul 2015 14:22:28 GMT] ACCESS ::1 - - [Wed Jul 29 2015 09:22:28 GMT-0500 (CDT)] "GET /js/config/init.js 1.1" 200 638 "http://localhost:4000/" "Mozilla/5.0 (Macintosh; Intel Mac OS X 10_10_4) AppleWebKit/600.7.12 (KHTML, like Gecko) Version/8.0.7 Safari/600.7.12"
[Wed, 29 Jul 2015 14:22:28 GMT] ACCESS ::1 - - [Wed Jul 29 2015 09:22:28 GMT-0500 (CDT)] "GET /css/bootstrap.responsive.min.css 1.1" 200 16520 "http://localhost:4000/" "Mozilla/5.0 (Macintosh; Intel Mac OS X 10_10_4) AppleWebKit/600.7.12 (KHTML, like Gecko) Version/8.0.7 Safari/600.7.12"
[Wed, 29 Jul 2015 14:22:28 GMT] ACCESS ::1 - - [Wed Jul 29 2015 09:22:28 GMT-0500 (CDT)] "GET /js/bootstrap.min.js 1.1" 200 25743 "http://localhost:4000/" "Mozilla/5.0 (Macintosh; Intel Mac OS X 10_10_4) AppleWebKit/600.7.12 (KHTML, like Gecko) Version/8.0.7 Safari/600.7.12"
[Wed, 29 Jul 2015 14:22:28 GMT] ACCESS ::1 - - [Wed Jul 29 2015 09:22:28 GMT-0500 (CDT)] "GET /css/style.css 1.1" 200 914 "http://localhost:4000/" "Mozilla/5.0 (Macintosh; Intel Mac OS X 10_10_4) AppleWebKit/600.7.12 (KHTML, like Gecko) Version/8.0.7 Safari/600.7.12"
[Wed, 29 Jul 2015 14:22:28 GMT] ACCESS ::1 - - [Wed Jul 29 2015 09:22:28 GMT-0500 (CDT)] "GET /css/bootstrap.min.css 1.1" 200 101265 "http://localhost:4000/" "Mozilla/5.0 (Macintosh; Intel Mac OS X 10_10_4) AppleWebKit/600.7.12 (KHTML, like Gecko) Version/8.0.7 Safari/600.7.12"
[Wed, 29 Jul 2015 14:22:28 GMT] ACCESS ::1 - - [Wed Jul 29 2015 09:22:28 GMT-0500 (CDT)] "GET /img/whitey.png 1.1" 200 130880 "http://localhost:4000/" "Mozilla/5.0 (Macintosh; Intel Mac OS X 10_10_4) AppleWebKit/600.7.12 (KHTML, like Gecko) Version/8.0.7 Safari/600.7.12"
[Wed, 29 Jul 2015 14:22:28 GMT] ACCESS ::1 - - [Wed Jul 29 2015 09:22:28 GMT-0500 (CDT)] "GET /demographic_infos/add 1.1" 404 1028 "-" "Mozilla/5.0 (Macintosh; Intel Mac OS X 10_10_4) AppleWebKit/600.7.12 (KHTML, like Gecko) Version/8.0.7 Safari/600.7.12"
[Wed, 29 Jul 2015 14:22:28 GMT] ACCESS ::1 - - [Wed Jul 29 2015 09:22:28 GMT-0500 (CDT)] "GET /js/config/init.js 1.1" 200 638 "http://localhost:4000/demographic_infos/add" "Mozilla/5.0 (Macintosh; Intel Mac OS X 10_10_4) AppleWebKit/600.7.12 (KHTML, like Gecko) Version/8.0.7 Safari/600.7.12"
[Wed, 29 Jul 2015 14:22:28 GMT] ACCESS ::1 - - [Wed Jul 29 2015 09:22:28 GMT-0500 (CDT)] "GET /css/style.css 1.1" 200 914 "http://localhost:4000/demographic_infos/add" "Mozilla/5.0 (Macintosh; Intel Mac OS X 10_10_4) AppleWebKit/600.7.12 (KHTML, like Gecko) Version/8.0.7 Safari/600.7.12"
[Wed, 29 Jul 2015 14:22:28 GMT] ACCESS ::1 - - [Wed Jul 29 2015 09:22:28 GMT-0500 (CDT)] "GET /js/bootstrap.min.js 1.1" 200 25743 "http://localhost:4000/demographic_infos/add" "Mozilla/5.0 (Macintosh; Intel Mac OS X 10_10_4) AppleWebKit/600.7.12 (KHTML, like Gecko) Version/8.0.7 Safari/600.7.12"
[Wed, 29 Jul 2015 14:22:28 GMT] ACCESS ::1 - - [Wed Jul 29 2015 09:22:28 GMT-0500 (CDT)] "GET /css/bootstrap.responsive.min.css 1.1" 200 16520 "http://localhost:4000/demographic_infos/add" "Mozilla/5.0 (Macintosh; Intel Mac OS X 10_10_4) AppleWebKit/600.7.12 (KHTML, like Gecko) Version/8.0.7 Safari/600.7.12"
[Wed, 29 Jul 2015 14:22:28 GMT] ACCESS ::1 - - [Wed Jul 29 2015 09:22:28 GMT-0500 (CDT)] "GET /css/bootstrap.min.css 1.1" 200 101265 "http://localhost:4000/demographic_infos/add" "Mozilla/5.0 (Macintosh; Intel Mac OS X 10_10_4) AppleWebKit/600.7.12 (KHTML, like Gecko) Version/8.0.7 Safari/600.7.12"
[Wed, 29 Jul 2015 14:22:28 GMT] ACCESS ::1 - - [Wed Jul 29 2015 09:22:28 GMT-0500 (CDT)] "GET /js/jquery.min.js 1.1" 200 93441 "http://localhost:4000/demographic_infos/add" "Mozilla/5.0 (Macintosh; Intel Mac OS X 10_10_4) AppleWebKit/600.7.12 (KHTML, like Gecko) Version/8.0.7 Safari/600.7.12"
[Wed, 29 Jul 2015 14:22:29 GMT] ACCESS ::1 - - [Wed Jul 29 2015 09:22:29 GMT-0500 (CDT)] "GET /img/whitey.png 1.1" 200 130880 "http://localhost:4000/demographic_infos/add" "Mozilla/5.0 (Macintosh; Intel Mac OS X 10_10_4) AppleWebKit/600.7.12 (KHTML, like Gecko) Version/8.0.7 Safari/600.7.12"
[Wed, 29 Jul 2015 14:22:30 GMT] ACCESS ::1 - - [Wed Jul 29 2015 09:22:30 GMT-0500 (CDT)] "GET /devices 1.1" 200 1940 "-" "Mozilla/5.0 (Macintosh; Intel Mac OS X 10_10_4) AppleWebKit/600.7.12 (KHTML, like Gecko) Version/8.0.7 Safari/600.7.12"
[Wed, 29 Jul 2015 14:22:30 GMT] ACCESS ::1 - - [Wed Jul 29 2015 09:22:30 GMT-0500 (CDT)] "GET /js/config/init.js 1.1" 200 638 "http://localhost:4000/" "Mozilla/5.0 (Macintosh; Intel Mac OS X 10_10_4) AppleWebKit/600.7.12 (KHTML, like Gecko) Version/8.0.7 Safari/600.7.12"
[Wed, 29 Jul 2015 14:22:30 GMT] ACCESS ::1 - - [Wed Jul 29 2015 09:22:30 GMT-0500 (CDT)] "GET /css/style.css 1.1" 200 914 "http://localhost:4000/" "Mozilla/5.0 (Macintosh; Intel Mac OS X 10_10_4) AppleWebKit/600.7.12 (KHTML, like Gecko) Version/8.0.7 Safari/600.7.12"
[Wed, 29 Jul 2015 14:22:30 GMT] ACCESS ::1 - - [Wed Jul 29 2015 09:22:30 GMT-0500 (CDT)] "GET /js/bootstrap.min.js 1.1" 200 25743 "http://localhost:4000/" "Mozilla/5.0 (Macintosh; Intel Mac OS X 10_10_4) AppleWebKit/600.7.12 (KHTML, like Gecko) Version/8.0.7 Safari/600.7.12"
[Wed, 29 Jul 2015 14:22:30 GMT] ACCESS ::1 - - [Wed Jul 29 2015 09:22:30 GMT-0500 (CDT)] "GET /css/bootstrap.responsive.min.css 1.1" 200 16520 "http://localhost:4000/" "Mozilla/5.0 (Macintosh; Intel Mac OS X 10_10_4) AppleWebKit/600.7.12 (KHTML, like Gecko) Version/8.0.7 Safari/600.7.12"
[Wed, 29 Jul 2015 14:22:30 GMT] ACCESS ::1 - - [Wed Jul 29 2015 09:22:30 GMT-0500 (CDT)] "GET /js/jquery.min.js 1.1" 200 93441 "http://localhost:4000/" "Mozilla/5.0 (Macintosh; Intel Mac OS X 10_10_4) AppleWebKit/600.7.12 (KHTML, like Gecko) Version/8.0.7 Safari/600.7.12"
[Wed, 29 Jul 2015 14:22:30 GMT] ACCESS ::1 - - [Wed Jul 29 2015 09:22:30 GMT-0500 (CDT)] "GET /css/bootstrap.min.css 1.1" 200 101265 "http://localhost:4000/" "Mozilla/5.0 (Macintosh; Intel Mac OS X 10_10_4) AppleWebKit/600.7.12 (KHTML, like Gecko) Version/8.0.7 Safari/600.7.12"
[Wed, 29 Jul 2015 14:22:30 GMT] ACCESS ::1 - - [Wed Jul 29 2015 09:22:30 GMT-0500 (CDT)] "GET /img/whitey.png 1.1" 200 130880 "http://localhost:4000/" "Mozilla/5.0 (Macintosh; Intel Mac OS X 10_10_4) AppleWebKit/600.7.12 (KHTML, like Gecko) Version/8.0.7 Safari/600.7.12"
[Wed, 29 Jul 2015 14:22:31 GMT] ACCESS ::1 - - [Wed Jul 29 2015 09:22:31 GMT-0500 (CDT)] "GET /img/glyphicons-halflings-white.png 1.1" 200 13483 "http://localhost:4000/" "Mozilla/5.0 (Macintosh; Intel Mac OS X 10_10_4) AppleWebKit/600.7.12 (KHTML, like Gecko) Version/8.0.7 Safari/600.7.12"
[Wed, 29 Jul 2015 14:22:32 GMT] ACCESS ::1 - - [Wed Jul 29 2015 09:22:32 GMT-0500 (CDT)] "GET /devices/add 1.1" 200 3973 "http://localhost:4000/devices" "Mozilla/5.0 (Macintosh; Intel Mac OS X 10_10_4) AppleWebKit/600.7.12 (KHTML, like Gecko) Version/8.0.7 Safari/600.7.12"
[Wed, 29 Jul 2015 14:22:32 GMT] ACCESS ::1 - - [Wed Jul 29 2015 09:22:32 GMT-0500 (CDT)] "GET /js/config/init.js 1.1" 200 638 "http://localhost:4000/" "Mozilla/5.0 (Macintosh; Intel Mac OS X 10_10_4) AppleWebKit/600.7.12 (KHTML, like Gecko) Version/8.0.7 Safari/600.7.12"
[Wed, 29 Jul 2015 14:22:32 GMT] ACCESS ::1 - - [Wed Jul 29 2015 09:22:32 GMT-0500 (CDT)] "GET /css/style.css 1.1" 200 914 "http://localhost:4000/" "Mozilla/5.0 (Macintosh; Intel Mac OS X 10_10_4) AppleWebKit/600.7.12 (KHTML, like Gecko) Version/8.0.7 Safari/600.7.12"
[Wed, 29 Jul 2015 14:22:32 GMT] ACCESS ::1 - - [Wed Jul 29 2015 09:22:32 GMT-0500 (CDT)] "GET /js/bootstrap.min.js 1.1" 200 25743 "http://localhost:4000/" "Mozilla/5.0 (Macintosh; Intel Mac OS X 10_10_4) AppleWebKit/600.7.12 (KHTML, like Gecko) Version/8.0.7 Safari/600.7.12"
[Wed, 29 Jul 2015 14:22:32 GMT] ACCESS ::1 - - [Wed Jul 29 2015 09:22:32 GMT-0500 (CDT)] "GET /css/bootstrap.responsive.min.css 1.1" 200 16520 "http://localhost:4000/" "Mozilla/5.0 (Macintosh; Intel Mac OS X 10_10_4) AppleWebKit/600.7.12 (KHTML, like Gecko) Version/8.0.7 Safari/600.7.12"
[Wed, 29 Jul 2015 14:22:32 GMT] ACCESS ::1 - - [Wed Jul 29 2015 09:22:32 GMT-0500 (CDT)] "GET /js/jquery.min.js 1.1" 200 93441 "http://localhost:4000/" "Mozilla/5.0 (Macintosh; Intel Mac OS X 10_10_4) AppleWebKit/600.7.12 (KHTML, like Gecko) Version/8.0.7 Safari/600.7.12"
[Wed, 29 Jul 2015 14:22:32 GMT] ACCESS ::1 - - [Wed Jul 29 2015 09:22:32 GMT-0500 (CDT)] "GET /css/bootstrap.min.css 1.1" 200 101265 "http://localhost:4000/" "Mozilla/5.0 (Macintosh; Intel Mac OS X 10_10_4) AppleWebKit/600.7.12 (KHTML, like Gecko) Version/8.0.7 Safari/600.7.12"
[Wed, 29 Jul 2015 14:22:32 GMT] ACCESS ::1 - - [Wed Jul 29 2015 09:22:32 GMT-0500 (CDT)] "GET /img/whitey.png 1.1" 200 130880 "http://localhost:4000/" "Mozilla/5.0 (Macintosh; Intel Mac OS X 10_10_4) AppleWebKit/600.7.12 (KHTML, like Gecko) Version/8.0.7 Safari/600.7.12"
[Wed, 29 Jul 2015 14:22:33 GMT] ACCESS ::1 - - [Wed Jul 29 2015 09:22:33 GMT-0500 (CDT)] "GET /img/glyphicons-halflings-white.png 1.1" 200 13483 "http://localhost:4000/" "Mozilla/5.0 (Macintosh; Intel Mac OS X 10_10_4) AppleWebKit/600.7.12 (KHTML, like Gecko) Version/8.0.7 Safari/600.7.12"
[Wed, 29 Jul 2015 14:22:36 GMT] ACCESS ::1 - - [Wed Jul 29 2015 09:22:36 GMT-0500 (CDT)] "POST /devices 1.1" 200 4135 "http://localhost:4000/devices/add" "Mozilla/5.0 (Macintosh; Intel Mac OS X 10_10_4) AppleWebKit/600.7.12 (KHTML, like Gecko) Version/8.0.7 Safari/600.7.12"
[Wed, 29 Jul 2015 14:22:36 GMT] ACCESS ::1 - - [Wed Jul 29 2015 09:22:36 GMT-0500 (CDT)] "GET /js/config/init.js 1.1" 200 638 "http://localhost:4000/" "Mozilla/5.0 (Macintosh; Intel Mac OS X 10_10_4) AppleWebKit/600.7.12 (KHTML, like Gecko) Version/8.0.7 Safari/600.7.12"
[Wed, 29 Jul 2015 14:22:36 GMT] ACCESS ::1 - - [Wed Jul 29 2015 09:22:36 GMT-0500 (CDT)] "GET /css/style.css 1.1" 200 914 "http://localhost:4000/" "Mozilla/5.0 (Macintosh; Intel Mac OS X 10_10_4) AppleWebKit/600.7.12 (KHTML, like Gecko) Version/8.0.7 Safari/600.7.12"
[Wed, 29 Jul 2015 14:22:36 GMT] ACCESS ::1 - - [Wed Jul 29 2015 09:22:36 GMT-0500 (CDT)] "GET /js/bootstrap.min.js 1.1" 200 25743 "http://localhost:4000/" "Mozilla/5.0 (Macintosh; Intel Mac OS X 10_10_4) AppleWebKit/600.7.12 (KHTML, like Gecko) Version/8.0.7 Safari/600.7.12"
[Wed, 29 Jul 2015 14:22:36 GMT] ACCESS ::1 - - [Wed Jul 29 2015 09:22:36 GMT-0500 (CDT)] "GET /css/bootstrap.responsive.min.css 1.1" 200 16520 "http://localhost:4000/" "Mozilla/5.0 (Macintosh; Intel Mac OS X 10_10_4) AppleWebKit/600.7.12 (KHTML, like Gecko) Version/8.0.7 Safari/600.7.12"
[Wed, 29 Jul 2015 14:22:36 GMT] ACCESS ::1 - - [Wed Jul 29 2015 09:22:36 GMT-0500 (CDT)] "GET /js/jquery.min.js 1.1" 200 93441 "http://localhost:4000/" "Mozilla/5.0 (Macintosh; Intel Mac OS X 10_10_4) AppleWebKit/600.7.12 (KHTML, like Gecko) Version/8.0.7 Safari/600.7.12"
[Wed, 29 Jul 2015 14:22:36 GMT] ACCESS ::1 - - [Wed Jul 29 2015 09:22:36 GMT-0500 (CDT)] "GET /css/bootstrap.min.css 1.1" 200 101265 "http://localhost:4000/" "Mozilla/5.0 (Macintosh; Intel Mac OS X 10_10_4) AppleWebKit/600.7.12 (KHTML, like Gecko) Version/8.0.7 Safari/600.7.12"
[Wed, 29 Jul 2015 14:22:36 GMT] ACCESS ::1 - - [Wed Jul 29 2015 09:22:36 GMT-0500 (CDT)] "GET /img/whitey.png 1.1" 200 130880 "http://localhost:4000/" "Mozilla/5.0 (Macintosh; Intel Mac OS X 10_10_4) AppleWebKit/600.7.12 (KHTML, like Gecko) Version/8.0.7 Safari/600.7.12"
[Wed, 29 Jul 2015 14:22:37 GMT] ACCESS ::1 - - [Wed Jul 29 2015 09:22:37 GMT-0500 (CDT)] "GET /img/glyphicons-halflings-white.png 1.1" 200 13483 "http://localhost:4000/" "Mozilla/5.0 (Macintosh; Intel Mac OS X 10_10_4) AppleWebKit/600.7.12 (KHTML, like Gecko) Version/8.0.7 Safari/600.7.12"
[Wed, 29 Jul 2015 14:22:41 GMT] ACCESS ::1 - - [Wed Jul 29 2015 09:22:41 GMT-0500 (CDT)] "POST /devices 1.1" 302 - "http://localhost:4000/devices" "Mozilla/5.0 (Macintosh; Intel Mac OS X 10_10_4) AppleWebKit/600.7.12 (KHTML, like Gecko) Version/8.0.7 Safari/600.7.12"
[Wed, 29 Jul 2015 14:22:41 GMT] ACCESS ::1 - - [Wed Jul 29 2015 09:22:41 GMT-0500 (CDT)] "GET /devices/52543AE9-5AB7-4831-A54B-B63D48AA4236 1.1" 200 4947 "http://localhost:4000/devices" "Mozilla/5.0 (Macintosh; Intel Mac OS X 10_10_4) AppleWebKit/600.7.12 (KHTML, like Gecko) Version/8.0.7 Safari/600.7.12"
[Wed, 29 Jul 2015 14:22:41 GMT] ACCESS ::1 - - [Wed Jul 29 2015 09:22:41 GMT-0500 (CDT)] "GET /js/config/init.js 1.1" 200 638 "http://localhost:4000/" "Mozilla/5.0 (Macintosh; Intel Mac OS X 10_10_4) AppleWebKit/600.7.12 (KHTML, like Gecko) Version/8.0.7 Safari/600.7.12"
[Wed, 29 Jul 2015 14:22:41 GMT] ACCESS ::1 - - [Wed Jul 29 2015 09:22:41 GMT-0500 (CDT)] "GET /js/bootstrap.min.js 1.1" 200 25743 "http://localhost:4000/" "Mozilla/5.0 (Macintosh; Intel Mac OS X 10_10_4) AppleWebKit/600.7.12 (KHTML, like Gecko) Version/8.0.7 Safari/600.7.12"
[Wed, 29 Jul 2015 14:22:41 GMT] ACCESS ::1 - - [Wed Jul 29 2015 09:22:41 GMT-0500 (CDT)] "GET /css/style.css 1.1" 200 914 "http://localhost:4000/" "Mozilla/5.0 (Macintosh; Intel Mac OS X 10_10_4) AppleWebKit/600.7.12 (KHTML, like Gecko) Version/8.0.7 Safari/600.7.12"
[Wed, 29 Jul 2015 14:22:41 GMT] ACCESS ::1 - - [Wed Jul 29 2015 09:22:41 GMT-0500 (CDT)] "GET /css/bootstrap.responsive.min.css 1.1" 200 16520 "http://localhost:4000/" "Mozilla/5.0 (Macintosh; Intel Mac OS X 10_10_4) AppleWebKit/600.7.12 (KHTML, like Gecko) Version/8.0.7 Safari/600.7.12"
[Wed, 29 Jul 2015 14:22:41 GMT] ACCESS ::1 - - [Wed Jul 29 2015 09:22:41 GMT-0500 (CDT)] "GET /js/jquery.min.js 1.1" 200 93441 "http://localhost:4000/" "Mozilla/5.0 (Macintosh; Intel Mac OS X 10_10_4) AppleWebKit/600.7.12 (KHTML, like Gecko) Version/8.0.7 Safari/600.7.12"
[Wed, 29 Jul 2015 14:22:41 GMT] ACCESS ::1 - - [Wed Jul 29 2015 09:22:41 GMT-0500 (CDT)] "GET /css/bootstrap.min.css 1.1" 200 101265 "http://localhost:4000/" "Mozilla/5.0 (Macintosh; Intel Mac OS X 10_10_4) AppleWebKit/600.7.12 (KHTML, like Gecko) Version/8.0.7 Safari/600.7.12"
[Wed, 29 Jul 2015 14:22:41 GMT] ACCESS ::1 - - [Wed Jul 29 2015 09:22:41 GMT-0500 (CDT)] "GET /img/glyphicons-halflings.png 1.1" 200 19405 "http://localhost:4000/devices/52543AE9-5AB7-4831-A54B-B63D48AA4236" "Mozilla/5.0 (Macintosh; Intel Mac OS X 10_10_4) AppleWebKit/600.7.12 (KHTML, like Gecko) Version/8.0.7 Safari/600.7.12"
[Wed, 29 Jul 2015 14:22:41 GMT] ACCESS ::1 - - [Wed Jul 29 2015 09:22:41 GMT-0500 (CDT)] "GET /img/whitey.png 1.1" 200 130880 "http://localhost:4000/" "Mozilla/5.0 (Macintosh; Intel Mac OS X 10_10_4) AppleWebKit/600.7.12 (KHTML, like Gecko) Version/8.0.7 Safari/600.7.12"
[Wed, 29 Jul 2015 14:22:42 GMT] ACCESS ::1 - - [Wed Jul 29 2015 09:22:42 GMT-0500 (CDT)] "GET /img/glyphicons-halflings-white.png 1.1" 200 13483 "http://localhost:4000/" "Mozilla/5.0 (Macintosh; Intel Mac OS X 10_10_4) AppleWebKit/600.7.12 (KHTML, like Gecko) Version/8.0.7 Safari/600.7.12"
[Wed, 29 Jul 2015 14:22:44 GMT] ACCESS ::1 - - [Wed Jul 29 2015 09:22:44 GMT-0500 (CDT)] "GET /devices 1.1" 200 2260 "http://localhost:4000/devices/52543AE9-5AB7-4831-A54B-B63D48AA4236" "Mozilla/5.0 (Macintosh; Intel Mac OS X 10_10_4) AppleWebKit/600.7.12 (KHTML, like Gecko) Version/8.0.7 Safari/600.7.12"
[Wed, 29 Jul 2015 14:22:44 GMT] ACCESS ::1 - - [Wed Jul 29 2015 09:22:44 GMT-0500 (CDT)] "GET /js/config/init.js 1.1" 200 638 "http://localhost:4000/" "Mozilla/5.0 (Macintosh; Intel Mac OS X 10_10_4) AppleWebKit/600.7.12 (KHTML, like Gecko) Version/8.0.7 Safari/600.7.12"
[Wed, 29 Jul 2015 14:22:44 GMT] ACCESS ::1 - - [Wed Jul 29 2015 09:22:44 GMT-0500 (CDT)] "GET /js/bootstrap.min.js 1.1" 200 25743 "http://localhost:4000/" "Mozilla/5.0 (Macintosh; Intel Mac OS X 10_10_4) AppleWebKit/600.7.12 (KHTML, like Gecko) Version/8.0.7 Safari/600.7.12"
[Wed, 29 Jul 2015 14:22:44 GMT] ACCESS ::1 - - [Wed Jul 29 2015 09:22:44 GMT-0500 (CDT)] "GET /css/style.css 1.1" 200 914 "http://localhost:4000/" "Mozilla/5.0 (Macintosh; Intel Mac OS X 10_10_4) AppleWebKit/600.7.12 (KHTML, like Gecko) Version/8.0.7 Safari/600.7.12"
[Wed, 29 Jul 2015 14:22:44 GMT] ACCESS ::1 - - [Wed Jul 29 2015 09:22:44 GMT-0500 (CDT)] "GET /css/bootstrap.responsive.min.css 1.1" 200 16520 "http://localhost:4000/" "Mozilla/5.0 (Macintosh; Intel Mac OS X 10_10_4) AppleWebKit/600.7.12 (KHTML, like Gecko) Version/8.0.7 Safari/600.7.12"
[Wed, 29 Jul 2015 14:22:44 GMT] ACCESS ::1 - - [Wed Jul 29 2015 09:22:44 GMT-0500 (CDT)] "GET /js/jquery.min.js 1.1" 200 93441 "http://localhost:4000/" "Mozilla/5.0 (Macintosh; Intel Mac OS X 10_10_4) AppleWebKit/600.7.12 (KHTML, like Gecko) Version/8.0.7 Safari/600.7.12"
[Wed, 29 Jul 2015 14:22:44 GMT] ACCESS ::1 - - [Wed Jul 29 2015 09:22:44 GMT-0500 (CDT)] "GET /css/bootstrap.min.css 1.1" 200 101265 "http://localhost:4000/" "Mozilla/5.0 (Macintosh; Intel Mac OS X 10_10_4) AppleWebKit/600.7.12 (KHTML, like Gecko) Version/8.0.7 Safari/600.7.12"
[Wed, 29 Jul 2015 14:22:44 GMT] ACCESS ::1 - - [Wed Jul 29 2015 09:22:44 GMT-0500 (CDT)] "GET /img/glyphicons-halflings.png 1.1" 200 19405 "http://localhost:4000/devices/52543AE9-5AB7-4831-A54B-B63D48AA4236" "Mozilla/5.0 (Macintosh; Intel Mac OS X 10_10_4) AppleWebKit/600.7.12 (KHTML, like Gecko) Version/8.0.7 Safari/600.7.12"
[Wed, 29 Jul 2015 14:22:44 GMT] ACCESS ::1 - - [Wed Jul 29 2015 09:22:44 GMT-0500 (CDT)] "GET /img/whitey.png 1.1" 200 130880 "http://localhost:4000/" "Mozilla/5.0 (Macintosh; Intel Mac OS X 10_10_4) AppleWebKit/600.7.12 (KHTML, like Gecko) Version/8.0.7 Safari/600.7.12"
[Wed, 29 Jul 2015 14:22:45 GMT] ACCESS ::1 - - [Wed Jul 29 2015 09:22:45 GMT-0500 (CDT)] "GET /img/glyphicons-halflings-white.png 1.1" 200 13483 "http://localhost:4000/" "Mozilla/5.0 (Macintosh; Intel Mac OS X 10_10_4) AppleWebKit/600.7.12 (KHTML, like Gecko) Version/8.0.7 Safari/600.7.12"
[Wed, 29 Jul 2015 14:22:46 GMT] ACCESS ::1 - - [Wed Jul 29 2015 09:22:46 GMT-0500 (CDT)] "GET /devices/52543AE9-5AB7-4831-A54B-B63D48AA4236 1.1" 200 4790 "http://localhost:4000/devices/" "Mozilla/5.0 (Macintosh; Intel Mac OS X 10_10_4) AppleWebKit/600.7.12 (KHTML, like Gecko) Version/8.0.7 Safari/600.7.12"
[Wed, 29 Jul 2015 14:22:46 GMT] ACCESS ::1 - - [Wed Jul 29 2015 09:22:46 GMT-0500 (CDT)] "GET /js/config/init.js 1.1" 200 638 "http://localhost:4000/" "Mozilla/5.0 (Macintosh; Intel Mac OS X 10_10_4) AppleWebKit/600.7.12 (KHTML, like Gecko) Version/8.0.7 Safari/600.7.12"
[Wed, 29 Jul 2015 14:22:46 GMT] ACCESS ::1 - - [Wed Jul 29 2015 09:22:46 GMT-0500 (CDT)] "GET /js/bootstrap.min.js 1.1" 200 25743 "http://localhost:4000/" "Mozilla/5.0 (Macintosh; Intel Mac OS X 10_10_4) AppleWebKit/600.7.12 (KHTML, like Gecko) Version/8.0.7 Safari/600.7.12"
[Wed, 29 Jul 2015 14:22:46 GMT] ACCESS ::1 - - [Wed Jul 29 2015 09:22:46 GMT-0500 (CDT)] "GET /css/bootstrap.responsive.min.css 1.1" 200 16520 "http://localhost:4000/" "Mozilla/5.0 (Macintosh; Intel Mac OS X 10_10_4) AppleWebKit/600.7.12 (KHTML, like Gecko) Version/8.0.7 Safari/600.7.12"
[Wed, 29 Jul 2015 14:22:46 GMT] ACCESS ::1 - - [Wed Jul 29 2015 09:22:46 GMT-0500 (CDT)] "GET /css/style.css 1.1" 200 914 "http://localhost:4000/" "Mozilla/5.0 (Macintosh; Intel Mac OS X 10_10_4) AppleWebKit/600.7.12 (KHTML, like Gecko) Version/8.0.7 Safari/600.7.12"
[Wed, 29 Jul 2015 14:22:46 GMT] ACCESS ::1 - - [Wed Jul 29 2015 09:22:46 GMT-0500 (CDT)] "GET /js/jquery.min.js 1.1" 200 93441 "http://localhost:4000/" "Mozilla/5.0 (Macintosh; Intel Mac OS X 10_10_4) AppleWebKit/600.7.12 (KHTML, like Gecko) Version/8.0.7 Safari/600.7.12"
[Wed, 29 Jul 2015 14:22:46 GMT] ACCESS ::1 - - [Wed Jul 29 2015 09:22:46 GMT-0500 (CDT)] "GET /css/bootstrap.min.css 1.1" 200 101265 "http://localhost:4000/" "Mozilla/5.0 (Macintosh; Intel Mac OS X 10_10_4) AppleWebKit/600.7.12 (KHTML, like Gecko) Version/8.0.7 Safari/600.7.12"
[Wed, 29 Jul 2015 14:22:46 GMT] ACCESS ::1 - - [Wed Jul 29 2015 09:22:46 GMT-0500 (CDT)] "GET /img/glyphicons-halflings.png 1.1" 200 19405 "http://localhost:4000/devices/52543AE9-5AB7-4831-A54B-B63D48AA4236" "Mozilla/5.0 (Macintosh; Intel Mac OS X 10_10_4) AppleWebKit/600.7.12 (KHTML, like Gecko) Version/8.0.7 Safari/600.7.12"
[Wed, 29 Jul 2015 14:22:46 GMT] ACCESS ::1 - - [Wed Jul 29 2015 09:22:46 GMT-0500 (CDT)] "GET /img/whitey.png 1.1" 200 130880 "http://localhost:4000/" "Mozilla/5.0 (Macintosh; Intel Mac OS X 10_10_4) AppleWebKit/600.7.12 (KHTML, like Gecko) Version/8.0.7 Safari/600.7.12"
[Wed, 29 Jul 2015 14:22:47 GMT] ACCESS ::1 - - [Wed Jul 29 2015 09:22:47 GMT-0500 (CDT)] "GET /devices/52543AE9-5AB7-4831-A54B-B63D48AA4236/edit 1.1" 200 4196 "http://localhost:4000/devices/52543AE9-5AB7-4831-A54B-B63D48AA4236" "Mozilla/5.0 (Macintosh; Intel Mac OS X 10_10_4) AppleWebKit/600.7.12 (KHTML, like Gecko) Version/8.0.7 Safari/600.7.12"
[Wed, 29 Jul 2015 14:22:47 GMT] ACCESS ::1 - - [Wed Jul 29 2015 09:22:47 GMT-0500 (CDT)] "GET /js/config/init.js 1.1" 200 638 "http://localhost:4000/" "Mozilla/5.0 (Macintosh; Intel Mac OS X 10_10_4) AppleWebKit/600.7.12 (KHTML, like Gecko) Version/8.0.7 Safari/600.7.12"
[Wed, 29 Jul 2015 14:22:47 GMT] ACCESS ::1 - - [Wed Jul 29 2015 09:22:47 GMT-0500 (CDT)] "GET /js/bootstrap.min.js 1.1" 200 25743 "http://localhost:4000/" "Mozilla/5.0 (Macintosh; Intel Mac OS X 10_10_4) AppleWebKit/600.7.12 (KHTML, like Gecko) Version/8.0.7 Safari/600.7.12"
[Wed, 29 Jul 2015 14:22:47 GMT] ACCESS ::1 - - [Wed Jul 29 2015 09:22:47 GMT-0500 (CDT)] "GET /css/style.css 1.1" 200 914 "http://localhost:4000/" "Mozilla/5.0 (Macintosh; Intel Mac OS X 10_10_4) AppleWebKit/600.7.12 (KHTML, like Gecko) Version/8.0.7 Safari/600.7.12"
[Wed, 29 Jul 2015 14:22:47 GMT] ACCESS ::1 - - [Wed Jul 29 2015 09:22:47 GMT-0500 (CDT)] "GET /css/bootstrap.responsive.min.css 1.1" 200 16520 "http://localhost:4000/" "Mozilla/5.0 (Macintosh; Intel Mac OS X 10_10_4) AppleWebKit/600.7.12 (KHTML, like Gecko) Version/8.0.7 Safari/600.7.12"
[Wed, 29 Jul 2015 14:22:47 GMT] ACCESS ::1 - - [Wed Jul 29 2015 09:22:47 GMT-0500 (CDT)] "GET /js/jquery.min.js 1.1" 200 93441 "http://localhost:4000/" "Mozilla/5.0 (Macintosh; Intel Mac OS X 10_10_4) AppleWebKit/600.7.12 (KHTML, like Gecko) Version/8.0.7 Safari/600.7.12"
[Wed, 29 Jul 2015 14:22:47 GMT] ACCESS ::1 - - [Wed Jul 29 2015 09:22:47 GMT-0500 (CDT)] "GET /css/bootstrap.min.css 1.1" 200 101265 "http://localhost:4000/" "Mozilla/5.0 (Macintosh; Intel Mac OS X 10_10_4) AppleWebKit/600.7.12 (KHTML, like Gecko) Version/8.0.7 Safari/600.7.12"
[Wed, 29 Jul 2015 14:22:47 GMT] ACCESS ::1 - - [Wed Jul 29 2015 09:22:47 GMT-0500 (CDT)] "GET /img/whitey.png 1.1" 200 130880 "http://localhost:4000/" "Mozilla/5.0 (Macintosh; Intel Mac OS X 10_10_4) AppleWebKit/600.7.12 (KHTML, like Gecko) Version/8.0.7 Safari/600.7.12"
[Wed, 29 Jul 2015 14:22:48 GMT] ACCESS ::1 - - [Wed Jul 29 2015 09:22:48 GMT-0500 (CDT)] "GET /img/glyphicons-halflings-white.png 1.1" 200 13483 "http://localhost:4000/" "Mozilla/5.0 (Macintosh; Intel Mac OS X 10_10_4) AppleWebKit/600.7.12 (KHTML, like Gecko) Version/8.0.7 Safari/600.7.12"
[Wed, 29 Jul 2015 14:22:50 GMT] ACCESS ::1 - - [Wed Jul 29 2015 09:22:50 GMT-0500 (CDT)] "PUT /devices/52543AE9-5AB7-4831-A54B-B63D48AA4236?_method=PUT 1.1" 302 - "http://localhost:4000/devices/52543AE9-5AB7-4831-A54B-B63D48AA4236/edit" "Mozilla/5.0 (Macintosh; Intel Mac OS X 10_10_4) AppleWebKit/600.7.12 (KHTML, like Gecko) Version/8.0.7 Safari/600.7.12"
[Wed, 29 Jul 2015 14:22:50 GMT] ACCESS ::1 - - [Wed Jul 29 2015 09:22:50 GMT-0500 (CDT)] "GET /devices/52543AE9-5AB7-4831-A54B-B63D48AA4236 1.1" 200 4986 "http://localhost:4000/devices/52543AE9-5AB7-4831-A54B-B63D48AA4236/edit" "Mozilla/5.0 (Macintosh; Intel Mac OS X 10_10_4) AppleWebKit/600.7.12 (KHTML, like Gecko) Version/8.0.7 Safari/600.7.12"
[Wed, 29 Jul 2015 14:22:50 GMT] ACCESS ::1 - - [Wed Jul 29 2015 09:22:50 GMT-0500 (CDT)] "GET /js/config/init.js 1.1" 200 638 "http://localhost:4000/" "Mozilla/5.0 (Macintosh; Intel Mac OS X 10_10_4) AppleWebKit/600.7.12 (KHTML, like Gecko) Version/8.0.7 Safari/600.7.12"
[Wed, 29 Jul 2015 14:22:50 GMT] ACCESS ::1 - - [Wed Jul 29 2015 09:22:50 GMT-0500 (CDT)] "GET /js/bootstrap.min.js 1.1" 200 25743 "http://localhost:4000/" "Mozilla/5.0 (Macintosh; Intel Mac OS X 10_10_4) AppleWebKit/600.7.12 (KHTML, like Gecko) Version/8.0.7 Safari/600.7.12"
[Wed, 29 Jul 2015 14:22:50 GMT] ACCESS ::1 - - [Wed Jul 29 2015 09:22:50 GMT-0500 (CDT)] "GET /css/style.css 1.1" 200 914 "http://localhost:4000/" "Mozilla/5.0 (Macintosh; Intel Mac OS X 10_10_4) AppleWebKit/600.7.12 (KHTML, like Gecko) Version/8.0.7 Safari/600.7.12"
[Wed, 29 Jul 2015 14:22:50 GMT] ACCESS ::1 - - [Wed Jul 29 2015 09:22:50 GMT-0500 (CDT)] "GET /css/bootstrap.responsive.min.css 1.1" 200 16520 "http://localhost:4000/" "Mozilla/5.0 (Macintosh; Intel Mac OS X 10_10_4) AppleWebKit/600.7.12 (KHTML, like Gecko) Version/8.0.7 Safari/600.7.12"
[Wed, 29 Jul 2015 14:22:50 GMT] ACCESS ::1 - - [Wed Jul 29 2015 09:22:50 GMT-0500 (CDT)] "GET /js/jquery.min.js 1.1" 200 93441 "http://localhost:4000/" "Mozilla/5.0 (Macintosh; Intel Mac OS X 10_10_4) AppleWebKit/600.7.12 (KHTML, like Gecko) Version/8.0.7 Safari/600.7.12"
[Wed, 29 Jul 2015 14:22:50 GMT] ACCESS ::1 - - [Wed Jul 29 2015 09:22:50 GMT-0500 (CDT)] "GET /css/bootstrap.min.css 1.1" 200 101265 "http://localhost:4000/" "Mozilla/5.0 (Macintosh; Intel Mac OS X 10_10_4) AppleWebKit/600.7.12 (KHTML, like Gecko) Version/8.0.7 Safari/600.7.12"
[Wed, 29 Jul 2015 14:22:50 GMT] ACCESS ::1 - - [Wed Jul 29 2015 09:22:50 GMT-0500 (CDT)] "GET /img/glyphicons-halflings.png 1.1" 200 19405 "http://localhost:4000/devices/52543AE9-5AB7-4831-A54B-B63D48AA4236" "Mozilla/5.0 (Macintosh; Intel Mac OS X 10_10_4) AppleWebKit/600.7.12 (KHTML, like Gecko) Version/8.0.7 Safari/600.7.12"
[Wed, 29 Jul 2015 14:22:50 GMT] ACCESS ::1 - - [Wed Jul 29 2015 09:22:50 GMT-0500 (CDT)] "GET /img/whitey.png 1.1" 200 130880 "http://localhost:4000/" "Mozilla/5.0 (Macintosh; Intel Mac OS X 10_10_4) AppleWebKit/600.7.12 (KHTML, like Gecko) Version/8.0.7 Safari/600.7.12"
[Wed, 29 Jul 2015 14:22:51 GMT] ACCESS ::1 - - [Wed Jul 29 2015 09:22:51 GMT-0500 (CDT)] "GET /img/glyphicons-halflings-white.png 1.1" 200 13483 "http://localhost:4000/" "Mozilla/5.0 (Macintosh; Intel Mac OS X 10_10_4) AppleWebKit/600.7.12 (KHTML, like Gecko) Version/8.0.7 Safari/600.7.12"
[Wed, 29 Jul 2015 14:26:06 GMT] ACCESS ::1 - - [Wed Jul 29 2015 09:26:06 GMT-0500 (CDT)] "GET / 1.1" 200 2151 "-" "Mozilla/5.0 (Macintosh; Intel Mac OS X 10_10_4) AppleWebKit/600.7.12 (KHTML, like Gecko) Version/8.0.7 Safari/600.7.12"
[Wed, 29 Jul 2015 14:26:06 GMT] ACCESS ::1 - - [Wed Jul 29 2015 09:26:06 GMT-0500 (CDT)] "GET /js/jquery.min.js 1.1" 200 93441 "http://localhost:4000/" "Mozilla/5.0 (Macintosh; Intel Mac OS X 10_10_4) AppleWebKit/600.7.12 (KHTML, like Gecko) Version/8.0.7 Safari/600.7.12"
[Wed, 29 Jul 2015 14:26:06 GMT] ACCESS ::1 - - [Wed Jul 29 2015 09:26:06 GMT-0500 (CDT)] "GET /js/config/init.js 1.1" 200 638 "http://localhost:4000/" "Mozilla/5.0 (Macintosh; Intel Mac OS X 10_10_4) AppleWebKit/600.7.12 (KHTML, like Gecko) Version/8.0.7 Safari/600.7.12"
[Wed, 29 Jul 2015 14:26:06 GMT] ACCESS ::1 - - [Wed Jul 29 2015 09:26:06 GMT-0500 (CDT)] "GET /js/bootstrap.min.js 1.1" 200 25743 "http://localhost:4000/" "Mozilla/5.0 (Macintosh; Intel Mac OS X 10_10_4) AppleWebKit/600.7.12 (KHTML, like Gecko) Version/8.0.7 Safari/600.7.12"
[Wed, 29 Jul 2015 14:26:06 GMT] ACCESS ::1 - - [Wed Jul 29 2015 09:26:06 GMT-0500 (CDT)] "GET /css/bootstrap.responsive.min.css 1.1" 200 16520 "http://localhost:4000/" "Mozilla/5.0 (Macintosh; Intel Mac OS X 10_10_4) AppleWebKit/600.7.12 (KHTML, like Gecko) Version/8.0.7 Safari/600.7.12"
[Wed, 29 Jul 2015 14:26:06 GMT] ACCESS ::1 - - [Wed Jul 29 2015 09:26:06 GMT-0500 (CDT)] "GET /css/style.css 1.1" 200 914 "http://localhost:4000/" "Mozilla/5.0 (Macintosh; Intel Mac OS X 10_10_4) AppleWebKit/600.7.12 (KHTML, like Gecko) Version/8.0.7 Safari/600.7.12"
[Wed, 29 Jul 2015 14:26:06 GMT] ACCESS ::1 - - [Wed Jul 29 2015 09:26:06 GMT-0500 (CDT)] "GET /css/bootstrap.min.css 1.1" 200 101265 "http://localhost:4000/" "Mozilla/5.0 (Macintosh; Intel Mac OS X 10_10_4) AppleWebKit/600.7.12 (KHTML, like Gecko) Version/8.0.7 Safari/600.7.12"
[Wed, 29 Jul 2015 14:26:06 GMT] ACCESS ::1 - - [Wed Jul 29 2015 09:26:06 GMT-0500 (CDT)] "GET /img/whitey.png 1.1" 200 130880 "http://localhost:4000/" "Mozilla/5.0 (Macintosh; Intel Mac OS X 10_10_4) AppleWebKit/600.7.12 (KHTML, like Gecko) Version/8.0.7 Safari/600.7.12"
[Wed, 29 Jul 2015 14:26:07 GMT] ACCESS ::1 - - [Wed Jul 29 2015 09:26:07 GMT-0500 (CDT)] "GET /img/glyphicons-halflings-white.png 1.1" 200 13483 "http://localhost:4000/" "Mozilla/5.0 (Macintosh; Intel Mac OS X 10_10_4) AppleWebKit/600.7.12 (KHTML, like Gecko) Version/8.0.7 Safari/600.7.12"
[Wed, 29 Jul 2015 14:26:35 GMT] ACCESS ::1 - - [Wed Jul 29 2015 09:26:35 GMT-0500 (CDT)] "GET /devices.json 1.1" 200 259 "-" "Mozilla/5.0 (Macintosh; Intel Mac OS X 10_10_4) AppleWebKit/600.7.12 (KHTML, like Gecko) Version/8.0.7 Safari/600.7.12"
